<?xml version="1.0" encoding="UTF-8"?>
<testng-results ignored="0" total="1" passed="1" failed="0" skipped="0">
  <reporter-output>
  </reporter-output>
  <suite started-at="2024-06-14T18:20:10 IST" name="Suite" finished-at="2024-06-14T18:20:14 IST" duration-ms="3949">
    <groups>
    </groups>
    <test started-at="2024-06-14T18:20:10 IST" name="Test" finished-at="2024-06-14T18:20:14 IST" duration-ms="3949">
      <class name="com.w2a.APITestingFramework.testcases.paypal.TestPaypal">
        <test-method is-config="true" signature="setUp()[pri:0, instance:com.w2a.APITestingFramework.testcases.paypal.TestPaypal@7c351808]" started-at="2024-06-14T18:20:10 IST" name="setUp" finished-at="2024-06-14T18:20:10 IST" duration-ms="242" status="PASS">
          <reporter-output>
          </reporter-output>
        </test-method> <!-- setUp -->
        <test-method signature="createOrder()[pri:0, instance:com.w2a.APITestingFramework.testcases.paypal.TestPaypal@7c351808]" started-at="2024-06-14T18:20:10 IST" name="createOrder" finished-at="2024-06-14T18:20:14 IST" duration-ms="3923" status="PASS">
          <reporter-output>
          </reporter-output>
        </test-method> <!-- createOrder -->
        <test-method is-config="true" signature="tearDown()[pri:0, instance:com.w2a.APITestingFramework.testcases.paypal.TestPaypal@7c351808]" started-at="2024-06-14T18:20:14 IST" name="tearDown" finished-at="2024-06-14T18:20:14 IST" duration-ms="0" status="PASS">
          <reporter-output>
          </reporter-output>
        </test-method> <!-- tearDown -->
      </class> <!-- com.w2a.APITestingFramework.testcases.paypal.TestPaypal -->
    </test> <!-- Test -->
  </suite> <!-- Suite -->
</testng-results>
